<?xml version="1.0" encoding="UTF-8"?>
<!-- Generated by org.testng.reporters.JUnitXMLReporter -->
<testsuite ignored="2" hostname="BHANU-LAPTOP" failures="0" tests="2" name="TestQA" time="23.711" errors="0" timestamp="2022-12-22T07:47:11 IST">
  <testcase classname="scripts.ValidLogin" name="testValidLogin" time="5.059"/>
  <testcase classname="scripts.InvalidLogin" name="testInvalidLogin" time="1.738"/>
  <testcase classname="generic.BaseTest" name="@AfterSuite publishReport" time="0.0">
    <ignored/>
  </testcase> <!-- @AfterSuite publishReport -->
  <testcase classname="generic.BaseTest" name="@BeforeSuite createReport" time="0.0">
    <ignored/>
  </testcase> <!-- @BeforeSuite createReport -->
</testsuite> <!-- TestQA -->
