<?xml version="1.0" encoding="UTF-8"?>
<testng-results ignored="0" total="1" passed="1" failed="0" skipped="0">
  <reporter-output>
  </reporter-output>
  <suite started-at="2022-12-22T07:44:22 IST" name="Default suite" finished-at="2022-12-22T07:44:33 IST" duration-ms="11500">
    <groups>
    </groups>
    <test started-at="2022-12-22T07:44:22 IST" name="Default test" finished-at="2022-12-22T07:44:33 IST" duration-ms="11500">
      <class name="scripts.InvalidLogin">
        <test-method is-config="true" signature="createReport()[pri:0, instance:scripts.InvalidLogin@38234a38]" started-at="2022-12-22T07:44:21 IST" name="createReport" finished-at="2022-12-22T07:44:22 IST" duration-ms="141" status="PASS">
          <reporter-output>
          </reporter-output>
        </test-method> <!-- createReport -->
        <test-method is-config="true" signature="openApp(java.lang.String,java.lang.reflect.Method)[pri:0, instance:scripts.InvalidLogin@38234a38]" started-at="2022-12-22T07:44:22 IST" name="openApp" finished-at="2022-12-22T07:44:30 IST" duration-ms="8408" status="PASS">
          <params>
            <param index="0">
              <value>
                <![CDATA[base.properties]]>
              </value>
            </param>
            <param index="1">
              <value>
                <![CDATA[public void scripts.InvalidLogin.testInvalidLogin()]]>
              </value>
            </param>
          </params>
          <reporter-output>
          </reporter-output>
        </test-method> <!-- openApp -->
        <test-method signature="testInvalidLogin()[pri:2, instance:scripts.InvalidLogin@38234a38]" started-at="2022-12-22T07:44:30 IST" name="testInvalidLogin" finished-at="2022-12-22T07:44:33 IST" duration-ms="2703" status="PASS">
          <reporter-output>
          </reporter-output>
        </test-method> <!-- testInvalidLogin -->
        <test-method is-config="true" signature="closeApp(org.testng.ITestResult)[pri:0, instance:scripts.InvalidLogin@38234a38]" started-at="2022-12-22T07:44:33 IST" name="closeApp" finished-at="2022-12-22T07:44:33 IST" duration-ms="328" status="PASS">
          <params>
            <param index="0">
              <value>
                <![CDATA[[TestResult name=testInvalidLogin status=SUCCESS method=InvalidLogin.testInvalidLogin()[pri:2, instance:scripts.InvalidLogin@38234a38] output={null}]]]>
              </value>
            </param>
          </params>
          <reporter-output>
          </reporter-output>
        </test-method> <!-- closeApp -->
        <test-method is-config="true" signature="publishReport()[pri:0, instance:scripts.InvalidLogin@38234a38]" started-at="2022-12-22T07:44:33 IST" name="publishReport" finished-at="2022-12-22T07:44:33 IST" duration-ms="297" status="PASS">
          <reporter-output>
          </reporter-output>
        </test-method> <!-- publishReport -->
      </class> <!-- scripts.InvalidLogin -->
    </test> <!-- Default test -->
  </suite> <!-- Default suite -->
</testng-results>
